[debug] [2021-01-18T11:00:20.473Z] ----------------------------------------------------------------------
[debug] [2021-01-18T11:00:20.474Z] Command:       C:\Program Files\nodejs\node.exe C:\Users\Tyooma\AppData\Roaming\npm\node_modules\firebase-tools\lib\bin\firebase.js init
[debug] [2021-01-18T11:00:20.475Z] CLI Version:   9.2.1
[debug] [2021-01-18T11:00:20.475Z] Platform:      win32
[debug] [2021-01-18T11:00:20.475Z] Node Version:  v10.22.1
[debug] [2021-01-18T11:00:20.476Z] Time:          Mon Jan 18 2021 13:00:20 GMT+0200 (GMT+02:00)
[debug] [2021-01-18T11:00:20.476Z] ----------------------------------------------------------------------
[debug] [2021-01-18T11:00:20.476Z] 
[debug] [2021-01-18T11:00:20.478Z] >>> [apiv2][query] GET https://firebase-public.firebaseio.com/cli.json [none]
[debug] [2021-01-18T11:00:20.493Z] > command requires scopes: ["email","openid","https://www.googleapis.com/auth/cloudplatformprojects.readonly","https://www.googleapis.com/auth/firebase","https://www.googleapis.com/auth/cloud-platform"]
[debug] [2021-01-18T11:00:20.494Z] > authorizing via signed-in user
[info] 
     ######## #### ########  ######## ########     ###     ######  ########
     ##        ##  ##     ## ##       ##     ##  ##   ##  ##       ##
     ######    ##  ########  ######   ########  #########  ######  ######
     ##        ##  ##    ##  ##       ##     ## ##     ##       ## ##
     ##       #### ##     ## ######## ########  ##     ##  ######  ########

You're about to initialize a Firebase project in this directory:

  C:\projects\quiz

Before we get started, keep in mind:

  * You are currently outside your home directory

[debug] [2021-01-18T11:00:20.964Z] <<< [apiv2][status] GET https://firebase-public.firebaseio.com/cli.json 200
[debug] [2021-01-18T11:00:20.964Z] <<< [apiv2][body] GET https://firebase-public.firebaseio.com/cli.json {"cloudBuildErrorAfter":1594252800000,"cloudBuildWarnAfter":1590019200000,"defaultNode10After":1594252800000,"minVersion":"3.0.5","node8DeploysDisabledAfter":1613390400000,"node8RuntimeDisabledAfter":1615809600000,"node8WarnAfter":1600128000000}
[info] 
=== Project Setup
[info] 
[info] First, let's associate this project directory with a Firebase project.
[info] You can create multiple project aliases by running firebase use --add, 
[info] but for now we'll just set up a default project.
[info] 
[debug] [2021-01-18T11:01:19.255Z] > refreshing access token with scopes: []
[debug] [2021-01-18T11:01:19.255Z] >>> HTTP REQUEST POST https://www.googleapis.com/oauth2/v3/token  
 <request body omitted>
[debug] [2021-01-18T11:01:19.432Z] <<< HTTP RESPONSE 200 {"expires":"Mon, 01 Jan 1990 00:00:00 GMT","pragma":"no-cache","date":"Mon, 18 Jan 2021 11:01:17 GMT","cache-control":"no-cache, no-store, max-age=0, must-revalidate","content-type":"application/json; charset=utf-8","vary":"X-Origin, Referer, Origin,Accept-Encoding","server":"scaffolding on HTTPServer2","x-xss-protection":"0","x-frame-options":"SAMEORIGIN","x-content-type-options":"nosniff","alt-svc":"h3-29=\":443\"; ma=2592000,h3-T051=\":443\"; ma=2592000,h3-Q050=\":443\"; ma=2592000,h3-Q046=\":443\"; ma=2592000,h3-Q043=\":443\"; ma=2592000,quic=\":443\"; ma=2592000; v=\"46,43\"","accept-ranges":"none","transfer-encoding":"chunked"}
[debug] [2021-01-18T11:01:19.439Z] >>> [apiv2][query] GET https://firebase.googleapis.com/v1beta1/projects pageSize=100
[debug] [2021-01-18T11:01:19.965Z] <<< [apiv2][status] GET https://firebase.googleapis.com/v1beta1/projects 200
[debug] [2021-01-18T11:01:19.965Z] <<< [apiv2][body] GET https://firebase.googleapis.com/v1beta1/projects [omitted]
[info] i  Using project react-quizzzzzz (react-quizzzzzz) 
[info] 
=== Hosting Setup
[info] 
[info] Your public directory is the folder (relative to your project directory) that
[info] will contain Hosting assets to be uploaded with firebase deploy. If you
[info] have a build process for your assets, use your build's output directory.
[info] 
[debug] [2021-01-18T11:01:57.964Z] >>> [apiv2][query] GET https://www.gstatic.com/firebasejs/releases.json [none]
[debug] [2021-01-18T11:01:58.074Z] <<< [apiv2][status] GET https://www.gstatic.com/firebasejs/releases.json 200
[debug] [2021-01-18T11:01:58.074Z] <<< [apiv2][body] GET https://www.gstatic.com/firebasejs/releases.json {"current":{"version":"8.2.3","browserURL":"https://www.gstatic.com/firebasejs/8.2.3/firebase.js","packageURL":"https://www.gstatic.com/firebasejs/8.2.3/firebase.tgz"},"live":{"version":"8.2","browserURL":"https://www.gstatic.com/firebasejs/live/8.2/firebase.js","packageURL":"https://www.gstatic.com/firebasejs/live/8.2/firebase.tgz"},"components":{"analytics":"https://www.gstatic.com/firebasejs/8.2.3/firebase-analytics.js","app":"https://www.gstatic.com/firebasejs/8.2.3/firebase-app.js","auth":"https://www.gstatic.com/firebasejs/8.2.3/firebase-auth.js","database":"https://www.gstatic.com/firebasejs/8.2.3/firebase-database.js","firestore":"https://www.gstatic.com/firebasejs/8.2.3/firebase-firestore.js","functions":"https://www.gstatic.com/firebasejs/8.2.3/firebase-functions.js","installations":"https://www.gstatic.com/firebasejs/8.2.3/firebase-installations.js","messaging":"https://www.gstatic.com/firebasejs/8.2.3/firebase-messaging.js","storage":"https://www.gstatic.com/firebasejs/8.2.3/firebase-storage.js","performance":"https://www.gstatic.com/firebasejs/8.2.3/firebase-performance.js","remote-config":"https://www.gstatic.com/firebasejs/8.2.3/firebase-remote-config.js","firestore.memory":"https://www.gstatic.com/firebasejs/8.2.3/firebase-firestore.memory.js"}}
[info] i  Skipping write of build/index.html 
[info] 
[info] i  Detected a .git folder at C:\projects\quiz 
[info] i  Authorizing with GitHub to upload your service account to a GitHub repository's secrets store. 
[info] 
[info] Visit this URL on this device to log in:
[info] https://github.com/login/oauth/authorize?client_id=89cf50f02ac6aaed3484&state=926766628&redirect_uri=http%3A%2F%2Flocalhost%3A9005&scope=read%3Auser%20repo%20public_repo
[info] 
[info] Waiting for authentication...
[debug] [2021-01-18T11:02:05.396Z] >>> HTTP REQUEST POST https://github.com/login/oauth/access_token  
 {"client_id":"89cf50f02ac6aaed3484","client_secret":"3330d14abc895d9a74d5f17cd7a00711fa2c5bf0","code":"2a3283e5ea06e0ea3c8a","redirect_uri":"http://localhost:9005","state":"926766628"}
[debug] [2021-01-18T11:02:05.778Z] <<< HTTP RESPONSE 200 {"date":"Mon, 18 Jan 2021 11:02:04 GMT","content-type":"application/json; charset=utf-8","transfer-encoding":"chunked","server":"GitHub.com","status":"200 OK","vary":"X-PJAX, Accept-Encoding, Accept, X-Requested-With, Accept-Encoding","etag":"W/\"2cb4e38709c9bbab3a980c17b1d9c810\"","cache-control":"max-age=0, private, must-revalidate","strict-transport-security":"max-age=31536000; includeSubdomains; preload","x-frame-options":"deny","x-content-type-options":"nosniff","x-xss-protection":"1; mode=block","referrer-policy":"origin-when-cross-origin, strict-origin-when-cross-origin","expect-ct":"max-age=2592000, report-uri=\"https://api.github.com/_private/browser/errors\"","content-security-policy":"default-src 'none'; base-uri 'self'; block-all-mixed-content; connect-src 'self' uploads.github.com www.githubstatus.com collector.githubapp.com api.github.com github-cloud.s3.amazonaws.com github-production-repository-file-5c1aeb.s3.amazonaws.com github-production-upload-manifest-file-7fdce7.s3.amazonaws.com github-production-user-asset-6210df.s3.amazonaws.com cdn.optimizely.com logx.optimizely.com/v1/events wss://alive.github.com; font-src github.githubassets.com; form-action 'self' github.com gist.github.com; frame-ancestors 'none'; frame-src render.githubusercontent.com; img-src 'self' data: github.githubassets.com identicons.github.com collector.githubapp.com github-cloud.s3.amazonaws.com *.githubusercontent.com; manifest-src 'self'; media-src 'none'; script-src github.githubassets.com; style-src 'unsafe-inline' github.githubassets.com; worker-src github.com/socket-worker-5029ae85.js gist.github.com/socket-worker-5029ae85.js","x-github-request-id":"DC7B:730E:3E9397E:5021797:60056AAB"}
[debug] [2021-01-18T11:02:05.778Z] >>> [apiv2][query] GET https://api.github.com/user [none]
[debug] [2021-01-18T11:02:06.349Z] <<< [apiv2][status] GET https://api.github.com/user 200
[debug] [2021-01-18T11:02:06.350Z] <<< [apiv2][body] GET https://api.github.com/user {"login":"tyooma","id":61668411,"node_id":"MDQ6VXNlcjYxNjY4NDEx","avatar_url":"https://avatars2.githubusercontent.com/u/61668411?v=4","gravatar_id":"","url":"https://api.github.com/users/tyooma","html_url":"https://github.com/tyooma","followers_url":"https://api.github.com/users/tyooma/followers","following_url":"https://api.github.com/users/tyooma/following{/other_user}","gists_url":"https://api.github.com/users/tyooma/gists{/gist_id}","starred_url":"https://api.github.com/users/tyooma/starred{/owner}{/repo}","subscriptions_url":"https://api.github.com/users/tyooma/subscriptions","organizations_url":"https://api.github.com/users/tyooma/orgs","repos_url":"https://api.github.com/users/tyooma/repos","events_url":"https://api.github.com/users/tyooma/events{/privacy}","received_events_url":"https://api.github.com/users/tyooma/received_events","type":"User","site_admin":false,"name":"Tyoma","company":null,"blog":"","location":null,"email":null,"hireable":null,"bio":"FE dev","twitter_username":null,"public_repos":129,"public_gists":0,"followers":0,"following":0,"created_at":"2020-03-01T22:33:09Z","updated_at":"2020-12-23T21:14:37Z","private_gists":0,"total_private_repos":0,"owned_private_repos":0,"disk_usage":27848,"collaborators":0,"two_factor_authentication":false,"plan":{"name":"free","space":976562499,"collaborators":0,"private_repos":10000}}
[info] 
[info] +  Success! Logged into GitHub as tyooma 
[info] 
[debug] [2021-01-18T11:02:43.634Z] >>> [apiv2][query] GET https://api.github.com/repos/tyooma/quizzzzzz/actions/secrets/public-key type=owner
[debug] [2021-01-18T11:02:43.974Z] <<< [apiv2][status] GET https://api.github.com/repos/tyooma/quizzzzzz/actions/secrets/public-key 404
[debug] [2021-01-18T11:02:43.974Z] <<< [apiv2][body] GET https://api.github.com/repos/tyooma/quizzzzzz/actions/secrets/public-key {"message":"Not Found","documentation_url":"https://docs.github.com/rest/reference/actions#get-a-repository-public-key"}
[debug] [2021-01-18T11:02:45.337Z] >>> [apiv2][query] GET https://api.github.com/repos//actions/secrets/public-key type=owner
[debug] [2021-01-18T11:02:45.660Z] <<< [apiv2][status] GET https://api.github.com/repos//actions/secrets/public-key 404
[debug] [2021-01-18T11:02:45.660Z] <<< [apiv2][body] GET https://api.github.com/repos//actions/secrets/public-key {"message":"Not Found","documentation_url":"https://docs.github.com/rest"}
[debug] [2021-01-18T11:02:46.008Z] >>> [apiv2][query] GET https://api.github.com/repos//actions/secrets/public-key type=owner
[debug] [2021-01-18T11:02:46.333Z] <<< [apiv2][status] GET https://api.github.com/repos//actions/secrets/public-key 404
[debug] [2021-01-18T11:02:46.333Z] <<< [apiv2][body] GET https://api.github.com/repos//actions/secrets/public-key {"message":"Not Found","documentation_url":"https://docs.github.com/rest"}
